{"contracts\\ERC20PresetMinterPauser.sol":{"l":{"36":24,"38":24,"39":24,"52":10,"53":10,"66":0,"67":0,"80":0,"81":0,"89":98},"path":"C:\\Users\\mster\\OneDrive\\Documents\\Dapp Projects\\airswap-projects\\AIP-26-hardhate-uniswap\\contracts\\ERC20PresetMinterPauser.sol","s":{"1":24,"2":24,"3":24,"4":10,"5":10,"6":0,"7":0,"8":0,"9":0,"10":98},"b":{"1":[10,0],"2":[0,0],"3":[0,0]},"f":{"1":24,"2":10,"3":0,"4":0,"5":98},"fnMap":{"1":{"name":"constructor","line":35,"loc":{"start":{"line":35,"column":4},"end":{"line":40,"column":4}}},"2":{"name":"mint","line":51,"loc":{"start":{"line":51,"column":4},"end":{"line":54,"column":4}}},"3":{"name":"pause","line":65,"loc":{"start":{"line":65,"column":4},"end":{"line":68,"column":4}}},"4":{"name":"unpause","line":79,"loc":{"start":{"line":79,"column":4},"end":{"line":82,"column":4}}},"5":{"name":"_beforeTokenTransfer","line":84,"loc":{"start":{"line":84,"column":4},"end":{"line":90,"column":4}}}},"statementMap":{"1":{"start":{"line":36,"column":8},"end":{"line":36,"column":51}},"2":{"start":{"line":38,"column":8},"end":{"line":38,"column":44}},"3":{"start":{"line":39,"column":8},"end":{"line":39,"column":44}},"4":{"start":{"line":52,"column":8},"end":{"line":52,"column":108}},"5":{"start":{"line":53,"column":8},"end":{"line":53,"column":24}},"6":{"start":{"line":66,"column":8},"end":{"line":66,"column":109}},"7":{"start":{"line":67,"column":8},"end":{"line":67,"column":15}},"8":{"start":{"line":80,"column":8},"end":{"line":80,"column":111}},"9":{"start":{"line":81,"column":8},"end":{"line":81,"column":17}},"10":{"start":{"line":89,"column":8},"end":{"line":89,"column":51}}},"branchMap":{"1":{"line":52,"type":"if","locations":[{"start":{"line":52,"column":8},"end":{"line":52,"column":8}},{"start":{"line":52,"column":8},"end":{"line":52,"column":8}}]},"2":{"line":66,"type":"if","locations":[{"start":{"line":66,"column":8},"end":{"line":66,"column":8}},{"start":{"line":66,"column":8},"end":{"line":66,"column":8}}]},"3":{"line":80,"type":"if","locations":[{"start":{"line":80,"column":8},"end":{"line":80,"column":8}},{"start":{"line":80,"column":8},"end":{"line":80,"column":8}}]}}},"contracts\\FeeReceiver.sol":{"l":{"49":2,"50":1,"57":5,"58":4,"65":5,"72":5,"79":3,"80":2,"90":6,"91":6,"92":6,"108":18,"109":5,"113":15,"116":14,"119":14,"122":12,"125":12,"128":12,"138":12,"141":12,"144":12,"145":12,"148":12,"149":12,"150":25,"151":25,"152":25,"159":12,"181":37,"182":37,"183":37,"187":37,"197":12,"198":12,"199":12,"212":38,"213":38,"214":38,"215":38,"223":5,"224":5,"225":5,"228":5,"237":24,"246":6},"path":"C:\\Users\\mster\\OneDrive\\Documents\\Dapp Projects\\airswap-projects\\AIP-26-hardhate-uniswap\\contracts\\FeeReceiver.sol","s":{"1":2,"2":1,"3":5,"4":4,"5":5,"6":5,"7":3,"8":2,"9":6,"10":6,"11":6,"12":18,"13":5,"14":15,"15":14,"16":14,"17":12,"18":12,"19":12,"20":12,"21":12,"22":12,"23":12,"24":12,"25":12,"26":25,"27":25,"28":25,"29":12,"30":37,"31":37,"32":37,"33":37,"34":12,"35":12,"36":12,"37":38,"38":38,"39":38,"40":38,"41":5,"42":5,"43":5,"44":5,"45":24,"46":6},"b":{"1":[1,1],"2":[4,1],"3":[2,1],"4":[5,13],"5":[2,3],"6":[14,1],"7":[12,2],"8":[37,0],"9":[12,0]},"f":{"1":2,"2":5,"3":5,"4":5,"5":3,"6":6,"7":18,"8":37,"9":12,"10":38,"11":5,"12":24,"13":6},"fnMap":{"1":{"name":"setSwapToToken","line":48,"loc":{"start":{"line":48,"column":4},"end":{"line":51,"column":4}}},"2":{"name":"setStakeAddress","line":56,"loc":{"start":{"line":56,"column":4},"end":{"line":59,"column":4}}},"3":{"name":"setStakeThreshold","line":64,"loc":{"start":{"line":64,"column":4},"end":{"line":66,"column":4}}},"4":{"name":"setStakeActive","line":71,"loc":{"start":{"line":71,"column":4},"end":{"line":73,"column":4}}},"5":{"name":"setTriggerFee","line":78,"loc":{"start":{"line":78,"column":4},"end":{"line":81,"column":4}}},"6":{"name":"constructor","line":89,"loc":{"start":{"line":83,"column":4},"end":{"line":93,"column":4}}},"7":{"name":"convertAndTransfer","line":101,"loc":{"start":{"line":101,"column":4},"end":{"line":167,"column":4}}},"8":{"name":"_transferErc20","line":176,"loc":{"start":{"line":176,"column":4},"end":{"line":188,"column":4}}},"9":{"name":"_approveErc20","line":196,"loc":{"start":{"line":196,"column":4},"end":{"line":200,"column":4}}},"10":{"name":"_balanceOfErc20","line":207,"loc":{"start":{"line":207,"column":4},"end":{"line":216,"column":4}}},"11":{"name":"checkStake","line":222,"loc":{"start":{"line":222,"column":4},"end":{"line":229,"column":4}}},"12":{"name":"addPayee","line":236,"loc":{"start":{"line":236,"column":4},"end":{"line":238,"column":4}}},"13":{"name":"removePayee","line":245,"loc":{"start":{"line":245,"column":4},"end":{"line":247,"column":4}}}},"statementMap":{"1":{"start":{"line":49,"column":8},"end":{"line":49,"column":72}},"2":{"start":{"line":50,"column":8},"end":{"line":50,"column":33}},"3":{"start":{"line":57,"column":8},"end":{"line":57,"column":73}},"4":{"start":{"line":58,"column":8},"end":{"line":58,"column":35}},"5":{"start":{"line":65,"column":8},"end":{"line":65,"column":39}},"6":{"start":{"line":72,"column":8},"end":{"line":72,"column":28}},"7":{"start":{"line":79,"column":8},"end":{"line":79,"column":70}},"8":{"start":{"line":80,"column":8},"end":{"line":80,"column":31}},"9":{"start":{"line":90,"column":8},"end":{"line":90,"column":33}},"10":{"start":{"line":91,"column":8},"end":{"line":91,"column":29}},"11":{"start":{"line":92,"column":8},"end":{"line":92,"column":31}},"12":{"start":{"line":108,"column":8},"end":{"line":108,"column":3310}},"13":{"start":{"line":109,"column":12},"end":{"line":109,"column":70}},"14":{"start":{"line":113,"column":8},"end":{"line":113,"column":56}},"15":{"start":{"line":116,"column":8},"end":{"line":116,"column":62}},"16":{"start":{"line":119,"column":8},"end":{"line":119,"column":57}},"17":{"start":{"line":122,"column":8},"end":{"line":122,"column":50}},"18":{"start":{"line":125,"column":8},"end":{"line":125,"column":66}},"19":{"start":{"line":128,"column":8},"end":{"line":128,"column":4225}},"20":{"start":{"line":138,"column":8},"end":{"line":138,"column":62}},"21":{"start":{"line":141,"column":8},"end":{"line":141,"column":71}},"22":{"start":{"line":144,"column":8},"end":{"line":144,"column":72}},"23":{"start":{"line":145,"column":8},"end":{"line":145,"column":64}},"24":{"start":{"line":148,"column":8},"end":{"line":148,"column":69}},"25":{"start":{"line":149,"column":8},"end":{"line":149,"column":5273}},"26":{"start":{"line":150,"column":12},"end":{"line":150,"column":88}},"27":{"start":{"line":151,"column":12},"end":{"line":151,"column":84}},"28":{"start":{"line":152,"column":12},"end":{"line":152,"column":5515}},"29":{"start":{"line":159,"column":8},"end":{"line":159,"column":5654}},"30":{"start":{"line":181,"column":8},"end":{"line":181,"column":18}},"31":{"start":{"line":182,"column":8},"end":{"line":182,"column":35}},"32":{"start":{"line":183,"column":8},"end":{"line":183,"column":6351}},"33":{"start":{"line":187,"column":8},"end":{"line":187,"column":48}},"34":{"start":{"line":197,"column":8},"end":{"line":197,"column":18}},"35":{"start":{"line":198,"column":8},"end":{"line":198,"column":36}},"36":{"start":{"line":199,"column":8},"end":{"line":199,"column":74}},"37":{"start":{"line":212,"column":8},"end":{"line":212,"column":18}},"38":{"start":{"line":213,"column":8},"end":{"line":213,"column":38}},"39":{"start":{"line":214,"column":8},"end":{"line":214,"column":59}},"40":{"start":{"line":215,"column":8},"end":{"line":215,"column":27}},"41":{"start":{"line":223,"column":8},"end":{"line":223,"column":18}},"42":{"start":{"line":224,"column":8},"end":{"line":224,"column":33}},"43":{"start":{"line":225,"column":8},"end":{"line":225,"column":7709}},"44":{"start":{"line":228,"column":8},"end":{"line":228,"column":29}},"45":{"start":{"line":237,"column":8},"end":{"line":237,"column":35}},"46":{"start":{"line":246,"column":8},"end":{"line":246,"column":37}}},"branchMap":{"1":{"line":49,"type":"if","locations":[{"start":{"line":49,"column":8},"end":{"line":49,"column":8}},{"start":{"line":49,"column":8},"end":{"line":49,"column":8}}]},"2":{"line":57,"type":"if","locations":[{"start":{"line":57,"column":8},"end":{"line":57,"column":8}},{"start":{"line":57,"column":8},"end":{"line":57,"column":8}}]},"3":{"line":79,"type":"if","locations":[{"start":{"line":79,"column":8},"end":{"line":79,"column":8}},{"start":{"line":79,"column":8},"end":{"line":79,"column":8}}]},"4":{"line":108,"type":"if","locations":[{"start":{"line":108,"column":8},"end":{"line":108,"column":8}},{"start":{"line":108,"column":8},"end":{"line":108,"column":8}}]},"5":{"line":109,"type":"if","locations":[{"start":{"line":109,"column":12},"end":{"line":109,"column":12}},{"start":{"line":109,"column":12},"end":{"line":109,"column":12}}]},"6":{"line":113,"type":"if","locations":[{"start":{"line":113,"column":8},"end":{"line":113,"column":8}},{"start":{"line":113,"column":8},"end":{"line":113,"column":8}}]},"7":{"line":119,"type":"if","locations":[{"start":{"line":119,"column":8},"end":{"line":119,"column":8}},{"start":{"line":119,"column":8},"end":{"line":119,"column":8}}]},"8":{"line":183,"type":"if","locations":[{"start":{"line":183,"column":8},"end":{"line":183,"column":8}},{"start":{"line":183,"column":8},"end":{"line":183,"column":8}}]},"9":{"line":199,"type":"if","locations":[{"start":{"line":199,"column":8},"end":{"line":199,"column":8}},{"start":{"line":199,"column":8},"end":{"line":199,"column":8}}]}}},"contracts\\Staking.sol":{"l":{"55":0,"56":0,"57":0,"58":0,"59":0,"68":0,"69":0,"81":0,"82":6,"90":6,"99":6,"100":0,"103":0,"104":0,"112":0,"126":4,"128":4,"131":4,"132":4,"134":4,"135":0,"139":0,"143":0,"150":0,"151":0,"160":0,"161":0,"162":0,"163":0,"164":0,"165":0,"168":0,"169":0,"170":0,"184":0,"185":0,"186":0,"188":0,"204":0,"205":0,"206":0,"208":0,"220":0,"221":0,"222":0,"223":0,"225":0,"232":0,"239":0,"240":0,"241":0,"242":0,"244":0,"251":0,"260":0,"261":7,"262":7,"266":6,"267":0,"268":0,"269":0,"270":0,"271":0},"path":"C:\\Users\\mster\\OneDrive\\Documents\\Dapp Projects\\airswap-projects\\AIP-26-hardhate-uniswap\\contracts\\Staking.sol","s":{"1":0,"2":0,"3":0,"4":0,"5":0,"6":0,"7":0,"8":6,"9":6,"10":6,"11":6,"12":0,"13":0,"14":0,"15":0,"16":4,"17":4,"18":4,"19":4,"20":4,"21":0,"22":0,"23":0,"24":0,"25":0,"26":0,"27":0,"28":0,"29":0,"30":0,"31":0,"32":0,"33":0,"34":0,"35":0,"36":0,"37":0,"38":0,"39":0,"40":0,"41":0,"42":0,"43":0,"44":0,"45":0,"46":0,"47":0,"48":0,"49":0,"50":0,"51":0,"52":0,"53":0,"54":0,"55":0,"56":7,"57":7,"58":7,"59":0,"60":0,"61":0,"62":0,"63":0},"b":{"1":[6,0],"2":[4,0],"3":[4,4],"4":[0,0],"5":[0,0],"6":[0,0],"7":[0,0],"8":[0,0],"9":[7,0],"10":[7,-1],"11":[0,0]},"f":{"1":0,"2":0,"3":0,"4":6,"5":6,"6":0,"7":0,"8":0,"9":0,"10":0,"11":0,"12":0,"13":0,"14":0,"15":0},"fnMap":{"1":{"name":"constructor","line":48,"loc":{"start":{"line":48,"column":2},"end":{"line":60,"column":2}}},"2":{"name":"setVesting","line":67,"loc":{"start":{"line":67,"column":2},"end":{"line":70,"column":2}}},"3":{"name":"setMetaData","line":79,"loc":{"start":{"line":77,"column":2},"end":{"line":83,"column":2}}},"4":{"name":"stake","line":89,"loc":{"start":{"line":89,"column":2},"end":{"line":91,"column":2}}},"5":{"name":"stakeFor","line":98,"loc":{"start":{"line":98,"column":2},"end":{"line":105,"column":2}}},"6":{"name":"extend","line":111,"loc":{"start":{"line":111,"column":2},"end":{"line":113,"column":2}}},"7":{"name":"extendFor","line":121,"loc":{"start":{"line":121,"column":2},"end":{"line":153,"column":2}}},"8":{"name":"unstake","line":159,"loc":{"start":{"line":159,"column":2},"end":{"line":172,"column":2}}},"9":{"name":"vested","line":179,"loc":{"start":{"line":179,"column":2},"end":{"line":192,"column":2}}},"10":{"name":"available","line":199,"loc":{"start":{"line":199,"column":2},"end":{"line":209,"column":2}}},"11":{"name":"getStakes","line":215,"loc":{"start":{"line":215,"column":2},"end":{"line":226,"column":2}}},"12":{"name":"totalSupply","line":231,"loc":{"start":{"line":231,"column":2},"end":{"line":233,"column":2}}},"13":{"name":"balanceOf","line":238,"loc":{"start":{"line":238,"column":2},"end":{"line":245,"column":2}}},"14":{"name":"decimals","line":250,"loc":{"start":{"line":250,"column":2},"end":{"line":252,"column":2}}},"15":{"name":"_unstake","line":259,"loc":{"start":{"line":259,"column":2},"end":{"line":273,"column":2}}}},"statementMap":{"1":{"start":{"line":55,"column":4},"end":{"line":55,"column":17}},"2":{"start":{"line":56,"column":4},"end":{"line":56,"column":15}},"3":{"start":{"line":57,"column":4},"end":{"line":57,"column":19}},"4":{"start":{"line":58,"column":4},"end":{"line":58,"column":23}},"5":{"start":{"line":59,"column":4},"end":{"line":59,"column":17}},"6":{"start":{"line":68,"column":4},"end":{"line":68,"column":23}},"7":{"start":{"line":69,"column":4},"end":{"line":69,"column":17}},"8":{"start":{"line":81,"column":4},"end":{"line":81,"column":15}},"9":{"start":{"line":82,"column":4},"end":{"line":82,"column":19}},"10":{"start":{"line":90,"column":4},"end":{"line":90,"column":31}},"11":{"start":{"line":99,"column":4},"end":{"line":99,"column":40}},"12":{"start":{"line":100,"column":4},"end":{"line":100,"column":2378}},"13":{"start":{"line":103,"column":4},"end":{"line":103,"column":60}},"14":{"start":{"line":104,"column":4},"end":{"line":104,"column":46}},"15":{"start":{"line":112,"column":4},"end":{"line":112,"column":39}},"16":{"start":{"line":126,"column":4},"end":{"line":126,"column":40}},"17":{"start":{"line":128,"column":4},"end":{"line":128,"column":54}},"18":{"start":{"line":131,"column":4},"end":{"line":131,"column":3188}},"19":{"start":{"line":132,"column":6},"end":{"line":132,"column":30}},"20":{"start":{"line":134,"column":6},"end":{"line":134,"column":55}},"21":{"start":{"line":135,"column":6},"end":{"line":135,"column":55}},"22":{"start":{"line":139,"column":6},"end":{"line":139,"column":3639}},"23":{"start":{"line":143,"column":6},"end":{"line":143,"column":3710}},"24":{"start":{"line":150,"column":6},"end":{"line":150,"column":62}},"25":{"start":{"line":151,"column":6},"end":{"line":151,"column":48}},"26":{"start":{"line":160,"column":4},"end":{"line":160,"column":27}},"27":{"start":{"line":161,"column":4},"end":{"line":161,"column":35}},"28":{"start":{"line":162,"column":4},"end":{"line":162,"column":4191}},"29":{"start":{"line":163,"column":6},"end":{"line":163,"column":4223}},"30":{"start":{"line":164,"column":8},"end":{"line":164,"column":40}},"31":{"start":{"line":165,"column":8},"end":{"line":165,"column":37}},"32":{"start":{"line":168,"column":4},"end":{"line":168,"column":4354}},"33":{"start":{"line":169,"column":6},"end":{"line":169,"column":44}},"34":{"start":{"line":170,"column":6},"end":{"line":170,"column":56}},"35":{"start":{"line":184,"column":4},"end":{"line":184,"column":55}},"36":{"start":{"line":185,"column":4},"end":{"line":185,"column":4775}},"37":{"start":{"line":186,"column":6},"end":{"line":186,"column":30}},"38":{"start":{"line":188,"column":4},"end":{"line":188,"column":4882}},"39":{"start":{"line":204,"column":4},"end":{"line":204,"column":53}},"40":{"start":{"line":205,"column":4},"end":{"line":205,"column":5288}},"41":{"start":{"line":206,"column":6},"end":{"line":206,"column":14}},"42":{"start":{"line":208,"column":4},"end":{"line":208,"column":73}},"43":{"start":{"line":220,"column":4},"end":{"line":220,"column":46}},"44":{"start":{"line":221,"column":4},"end":{"line":221,"column":31}},"45":{"start":{"line":222,"column":4},"end":{"line":222,"column":5736}},"46":{"start":{"line":223,"column":6},"end":{"line":223,"column":48}},"47":{"start":{"line":225,"column":4},"end":{"line":225,"column":17}},"48":{"start":{"line":232,"column":4},"end":{"line":232,"column":41}},"49":{"start":{"line":239,"column":4},"end":{"line":239,"column":46}},"50":{"start":{"line":240,"column":4},"end":{"line":240,"column":34}},"51":{"start":{"line":241,"column":4},"end":{"line":241,"column":6252}},"52":{"start":{"line":242,"column":6},"end":{"line":242,"column":46}},"53":{"start":{"line":244,"column":4},"end":{"line":244,"column":16}},"54":{"start":{"line":251,"column":4},"end":{"line":251,"column":27}},"55":{"start":{"line":260,"column":4},"end":{"line":260,"column":70}},"56":{"start":{"line":261,"column":4},"end":{"line":261,"column":57}},"57":{"start":{"line":262,"column":4},"end":{"line":262,"column":6816}},"58":{"start":{"line":266,"column":4},"end":{"line":266,"column":78}},"59":{"start":{"line":267,"column":4},"end":{"line":267,"column":50}},"60":{"start":{"line":268,"column":4},"end":{"line":268,"column":7067}},"61":{"start":{"line":269,"column":6},"end":{"line":269,"column":51}},"62":{"start":{"line":270,"column":6},"end":{"line":270,"column":64}},"63":{"start":{"line":271,"column":6},"end":{"line":271,"column":32}}},"branchMap":{"1":{"line":99,"type":"if","locations":[{"start":{"line":99,"column":4},"end":{"line":99,"column":4}},{"start":{"line":99,"column":4},"end":{"line":99,"column":4}}]},"2":{"line":126,"type":"if","locations":[{"start":{"line":126,"column":4},"end":{"line":126,"column":4}},{"start":{"line":126,"column":4},"end":{"line":126,"column":4}}]},"3":{"line":131,"type":"if","locations":[{"start":{"line":131,"column":4},"end":{"line":131,"column":4}},{"start":{"line":131,"column":4},"end":{"line":131,"column":4}}]},"4":{"line":163,"type":"if","locations":[{"start":{"line":163,"column":6},"end":{"line":163,"column":6}},{"start":{"line":163,"column":6},"end":{"line":163,"column":6}}]},"5":{"line":168,"type":"if","locations":[{"start":{"line":168,"column":4},"end":{"line":168,"column":4}},{"start":{"line":168,"column":4},"end":{"line":168,"column":4}}]},"6":{"line":185,"type":"if","locations":[{"start":{"line":185,"column":4},"end":{"line":185,"column":4}},{"start":{"line":185,"column":4},"end":{"line":185,"column":4}}]},"7":{"line":205,"type":"if","locations":[{"start":{"line":205,"column":4},"end":{"line":205,"column":4}},{"start":{"line":205,"column":4},"end":{"line":205,"column":4}}]},"8":{"line":260,"type":"if","locations":[{"start":{"line":260,"column":4},"end":{"line":260,"column":4}},{"start":{"line":260,"column":4},"end":{"line":260,"column":4}}]},"9":{"line":262,"type":"if","locations":[{"start":{"line":262,"column":4},"end":{"line":262,"column":4}},{"start":{"line":262,"column":4},"end":{"line":262,"column":4}}]},"10":{"line":266,"type":"if","locations":[{"start":{"line":266,"column":4},"end":{"line":266,"column":4}},{"start":{"line":266,"column":4},"end":{"line":266,"column":4}}]},"11":{"line":268,"type":"if","locations":[{"start":{"line":268,"column":4},"end":{"line":268,"column":4}},{"start":{"line":268,"column":4},"end":{"line":268,"column":4}}]}}},"contracts\\TokenPaymentSplitter.sol":{"l":{"40":6,"44":6,"46":6,"47":6,"55":7,"62":12,"69":16,"70":15,"79":30,"83":30,"84":29,"89":28,"90":28,"91":28,"92":28,"101":6,"102":5,"104":4,"105":4,"106":4,"107":4,"108":4},"path":"C:\\Users\\mster\\OneDrive\\Documents\\Dapp Projects\\airswap-projects\\AIP-26-hardhate-uniswap\\contracts\\TokenPaymentSplitter.sol","s":{"1":6,"2":6,"3":6,"4":6,"5":7,"6":12,"7":16,"8":15,"9":30,"10":30,"11":29,"12":28,"13":28,"14":28,"15":28,"16":6,"17":5,"18":4,"19":4,"20":4,"21":4,"22":4},"b":{"1":[6,0],"2":[6,0],"3":[15,1],"4":[30,0],"5":[29,1],"6":[28,1],"7":[5,1],"8":[4,1]},"f":{"1":6,"2":7,"3":12,"4":16,"5":30,"6":6},"fnMap":{"1":{"name":"constructor","line":39,"loc":{"start":{"line":39,"column":4},"end":{"line":49,"column":4}}},"2":{"name":"totalShares","line":54,"loc":{"start":{"line":54,"column":4},"end":{"line":56,"column":4}}},"3":{"name":"shares","line":61,"loc":{"start":{"line":61,"column":4},"end":{"line":63,"column":4}}},"4":{"name":"payee","line":68,"loc":{"start":{"line":68,"column":4},"end":{"line":71,"column":4}}},"5":{"name":"_addPayee","line":78,"loc":{"start":{"line":78,"column":4},"end":{"line":93,"column":4}}},"6":{"name":"_removePayee","line":100,"loc":{"start":{"line":100,"column":4},"end":{"line":109,"column":4}}}},"statementMap":{"1":{"start":{"line":40,"column":8},"end":{"line":40,"column":1697}},"2":{"start":{"line":44,"column":8},"end":{"line":44,"column":63}},"3":{"start":{"line":46,"column":8},"end":{"line":46,"column":1908}},"4":{"start":{"line":47,"column":12},"end":{"line":47,"column":43}},"5":{"start":{"line":55,"column":8},"end":{"line":55,"column":27}},"6":{"start":{"line":62,"column":8},"end":{"line":62,"column":31}},"7":{"start":{"line":69,"column":8},"end":{"line":69,"column":74}},"8":{"start":{"line":70,"column":8},"end":{"line":70,"column":29}},"9":{"start":{"line":79,"column":8},"end":{"line":79,"column":2922}},"10":{"start":{"line":83,"column":8},"end":{"line":83,"column":60}},"11":{"start":{"line":84,"column":8},"end":{"line":84,"column":3112}},"12":{"start":{"line":89,"column":8},"end":{"line":89,"column":28}},"13":{"start":{"line":90,"column":8},"end":{"line":90,"column":33}},"14":{"start":{"line":91,"column":8},"end":{"line":91,"column":44}},"15":{"start":{"line":92,"column":8},"end":{"line":92,"column":41}},"16":{"start":{"line":101,"column":8},"end":{"line":101,"column":83}},"17":{"start":{"line":102,"column":8},"end":{"line":102,"column":102}},"18":{"start":{"line":104,"column":8},"end":{"line":104,"column":53}},"19":{"start":{"line":105,"column":8},"end":{"line":105,"column":27}},"20":{"start":{"line":106,"column":8},"end":{"line":106,"column":51}},"21":{"start":{"line":107,"column":8},"end":{"line":107,"column":20}},"22":{"start":{"line":108,"column":8},"end":{"line":108,"column":34}}},"branchMap":{"1":{"line":40,"type":"if","locations":[{"start":{"line":40,"column":8},"end":{"line":40,"column":8}},{"start":{"line":40,"column":8},"end":{"line":40,"column":8}}]},"2":{"line":44,"type":"if","locations":[{"start":{"line":44,"column":8},"end":{"line":44,"column":8}},{"start":{"line":44,"column":8},"end":{"line":44,"column":8}}]},"3":{"line":69,"type":"if","locations":[{"start":{"line":69,"column":8},"end":{"line":69,"column":8}},{"start":{"line":69,"column":8},"end":{"line":69,"column":8}}]},"4":{"line":79,"type":"if","locations":[{"start":{"line":79,"column":8},"end":{"line":79,"column":8}},{"start":{"line":79,"column":8},"end":{"line":79,"column":8}}]},"5":{"line":83,"type":"if","locations":[{"start":{"line":83,"column":8},"end":{"line":83,"column":8}},{"start":{"line":83,"column":8},"end":{"line":83,"column":8}}]},"6":{"line":84,"type":"if","locations":[{"start":{"line":84,"column":8},"end":{"line":84,"column":8}},{"start":{"line":84,"column":8},"end":{"line":84,"column":8}}]},"7":{"line":101,"type":"if","locations":[{"start":{"line":101,"column":8},"end":{"line":101,"column":8}},{"start":{"line":101,"column":8},"end":{"line":101,"column":8}}]},"8":{"line":102,"type":"if","locations":[{"start":{"line":102,"column":8},"end":{"line":102,"column":8}},{"start":{"line":102,"column":8},"end":{"line":102,"column":8}}]}}},"contracts\\UniswapV2Router02.sol":{"l":{"19":0,"20":0,"24":0,"25":0,"29":0,"42":6,"43":6,"45":6,"46":6,"47":0,"49":0,"50":0,"51":0,"52":0,"54":0,"55":0,"56":0,"57":0,"71":0,"72":0,"73":0,"74":0,"75":0,"85":0,"93":0,"94":0,"95":0,"96":0,"97":0,"99":0,"112":0,"113":0,"114":0,"115":0,"116":0,"117":0,"118":0,"128":0,"137":0,"138":0,"139":0,"151":0,"152":0,"153":0,"154":0,"165":0,"166":0,"167":0,"168":0,"180":0,"189":0,"190":0,"191":0,"202":0,"203":0,"204":0,"205":0,"213":0,"214":0,"215":0,"216":0,"217":0,"218":0,"219":0,"231":0,"232":0,"233":0,"236":0,"245":0,"246":0,"247":0,"250":0,"260":0,"261":0,"262":0,"263":0,"264":0,"265":0,"274":0,"275":0,"276":0,"277":0,"280":0,"281":0,"282":0,"291":0,"292":12,"293":12,"294":21,"297":21,"298":21,"299":21,"309":21,"310":21,"311":21,"312":21,"313":21,"314":12,"316":12,"322":12,"323":0,"324":0,"325":0,"326":0,"327":0,"328":0,"329":0,"330":0,"331":0,"332":0,"334":0,"335":0,"336":0,"346":0,"349":0,"350":0,"351":0,"368":0,"369":0,"370":0,"371":0,"372":0,"373":0,"374":0,"391":0,"392":0,"395":0,"396":0,"397":0,"398":0,"399":0,"404":0,"414":0,"424":0,"434":0,"444":0},"path":"C:\\Users\\mster\\OneDrive\\Documents\\Dapp Projects\\airswap-projects\\AIP-26-hardhate-uniswap\\contracts\\UniswapV2Router02.sol","s":{"1":0,"2":0,"3":0,"4":6,"5":6,"6":6,"7":6,"8":0,"9":0,"10":0,"11":0,"12":0,"13":0,"14":0,"15":0,"16":0,"17":0,"18":0,"19":0,"20":0,"21":0,"22":0,"23":0,"24":0,"25":0,"26":0,"27":0,"28":0,"29":0,"30":0,"31":0,"32":0,"33":0,"34":0,"35":0,"36":0,"37":0,"38":0,"39":0,"40":0,"41":0,"42":0,"43":0,"44":0,"45":0,"46":0,"47":0,"48":0,"49":0,"50":0,"51":0,"52":0,"53":0,"54":0,"55":0,"56":0,"57":0,"58":0,"59":0,"60":0,"61":0,"62":0,"63":0,"64":0,"65":0,"66":0,"67":0,"68":0,"69":0,"70":0,"71":0,"72":0,"73":0,"74":0,"75":0,"76":0,"77":0,"78":0,"79":0,"80":0,"81":0,"82":0,"83":0,"84":0,"85":0,"86":12,"87":21,"88":21,"89":21,"90":21,"91":21,"92":21,"93":21,"94":21,"95":21,"96":12,"97":12,"98":12,"99":12,"100":12,"101":0,"102":0,"103":0,"104":0,"105":0,"106":0,"107":0,"108":0,"109":0,"110":0,"111":0,"112":0,"113":0,"114":0,"115":0,"116":0,"117":0,"118":0,"119":0,"120":0,"121":0,"122":0,"123":0,"124":0,"125":0,"126":0,"127":0,"128":0,"129":0,"130":0,"131":0,"132":0,"133":0,"134":0,"135":0},"b":{"1":[0,0],"2":[6,6],"3":[6,0],"4":[0,0],"5":[0,0],"6":[0,0],"7":[0,0],"8":[0,0],"9":[0,0],"10":[0,0],"11":[0,0],"12":[0,0],"13":[0,0],"14":[0,0],"15":[0,0],"16":[0,0],"17":[21,0],"18":[21,0],"19":[21,0],"20":[12,12],"21":[0,0],"22":[0,0],"23":[0,0],"24":[0,0],"25":[0,0]},"f":{"1":0,"2":0,"3":0,"4":0,"5":0,"6":0,"7":0,"8":0,"9":0,"10":0,"11":0,"12":0,"13":0,"14":0,"15":0,"16":0,"17":0,"18":21,"19":12,"20":0,"21":0,"22":0,"23":0,"24":0,"25":0,"26":0,"27":0},"fnMap":{"1":{"name":"ensure","line":18,"loc":{"start":{"line":18,"column":4},"end":{"line":21,"column":4}}},"2":{"name":"constructor","line":23,"loc":{"start":{"line":23,"column":4},"end":{"line":26,"column":4}}},"3":{"name":"_addLiquidity","line":33,"loc":{"start":{"line":33,"column":4},"end":{"line":60,"column":4}}},"4":{"name":"addLiquidity","line":70,"loc":{"start":{"line":61,"column":4},"end":{"line":76,"column":4}}},"5":{"name":"addLiquidityETH","line":84,"loc":{"start":{"line":77,"column":4},"end":{"line":100,"column":4}}},"6":{"name":"removeLiquidity","line":111,"loc":{"start":{"line":103,"column":4},"end":{"line":119,"column":4}}},"7":{"name":"removeLiquidityETH","line":127,"loc":{"start":{"line":120,"column":4},"end":{"line":140,"column":4}}},"8":{"name":"removeLiquidityWithPermit","line":141,"loc":{"start":{"line":141,"column":4},"end":{"line":155,"column":4}}},"9":{"name":"removeLiquidityETHWithPermit","line":156,"loc":{"start":{"line":156,"column":4},"end":{"line":169,"column":4}}},"10":{"name":"removeLiquidityETHSupportingFeeOnTransferTokens","line":179,"loc":{"start":{"line":172,"column":4},"end":{"line":192,"column":4}}},"11":{"name":"removeLiquidityETHWithPermitSupportingFeeOnTransferTokens","line":193,"loc":{"start":{"line":193,"column":4},"end":{"line":208,"column":4}}},"12":{"name":"_swap","line":212,"loc":{"start":{"line":212,"column":4},"end":{"line":223,"column":4}}},"13":{"name":"swapExactTokensForTokens","line":230,"loc":{"start":{"line":224,"column":4},"end":{"line":237,"column":4}}},"14":{"name":"swapTokensForExactTokens","line":244,"loc":{"start":{"line":238,"column":4},"end":{"line":251,"column":4}}},"15":{"name":"swapExactETHForTokens","line":257,"loc":{"start":{"line":252,"column":4},"end":{"line":266,"column":4}}},"16":{"name":"swapTokensForExactETH","line":271,"loc":{"start":{"line":267,"column":4},"end":{"line":283,"column":4}}},"17":{"name":"swapExactTokensForETH","line":288,"loc":{"start":{"line":284,"column":4},"end":{"line":300,"column":4}}},"18":{"name":"swapETHForExactTokens","line":306,"loc":{"start":{"line":301,"column":4},"end":{"line":317,"column":4}}},"19":{"name":"_swapSupportingFeeOnTransferTokens","line":321,"loc":{"start":{"line":321,"column":4},"end":{"line":338,"column":4}}},"20":{"name":"swapExactTokensForTokensSupportingFeeOnTransferTokens","line":345,"loc":{"start":{"line":339,"column":4},"end":{"line":355,"column":4}}},"21":{"name":"swapExactETHForTokensSupportingFeeOnTransferTokens","line":366,"loc":{"start":{"line":356,"column":4},"end":{"line":378,"column":4}}},"22":{"name":"swapExactTokensForETHSupportingFeeOnTransferTokens","line":389,"loc":{"start":{"line":379,"column":4},"end":{"line":400,"column":4}}},"23":{"name":"quote","line":403,"loc":{"start":{"line":403,"column":4},"end":{"line":405,"column":4}}},"24":{"name":"getAmountOut","line":407,"loc":{"start":{"line":407,"column":4},"end":{"line":415,"column":4}}},"25":{"name":"getAmountIn","line":417,"loc":{"start":{"line":417,"column":4},"end":{"line":425,"column":4}}},"26":{"name":"getAmountsOut","line":427,"loc":{"start":{"line":427,"column":4},"end":{"line":435,"column":4}}},"27":{"name":"getAmountsIn","line":437,"loc":{"start":{"line":437,"column":4},"end":{"line":445,"column":4}}}},"statementMap":{"1":{"start":{"line":19,"column":8},"end":{"line":19,"column":71}},"2":{"start":{"line":24,"column":8},"end":{"line":24,"column":25}},"3":{"start":{"line":25,"column":8},"end":{"line":25,"column":19}},"4":{"start":{"line":42,"column":8},"end":{"line":42,"column":1433}},"5":{"start":{"line":43,"column":12},"end":{"line":43,"column":64}},"6":{"start":{"line":45,"column":8},"end":{"line":45,"column":94}},"7":{"start":{"line":46,"column":8},"end":{"line":46,"column":1690}},"8":{"start":{"line":47,"column":12},"end":{"line":47,"column":64}},"9":{"start":{"line":49,"column":12},"end":{"line":49,"column":92}},"10":{"start":{"line":50,"column":12},"end":{"line":50,"column":1926}},"11":{"start":{"line":51,"column":16},"end":{"line":51,"column":94}},"12":{"start":{"line":52,"column":16},"end":{"line":52,"column":68}},"13":{"start":{"line":54,"column":16},"end":{"line":54,"column":96}},"14":{"start":{"line":55,"column":16},"end":{"line":55,"column":55}},"15":{"start":{"line":56,"column":16},"end":{"line":56,"column":94}},"16":{"start":{"line":57,"column":16},"end":{"line":57,"column":68}},"17":{"start":{"line":71,"column":8},"end":{"line":71,"column":113}},"18":{"start":{"line":72,"column":8},"end":{"line":72,"column":72}},"19":{"start":{"line":73,"column":8},"end":{"line":73,"column":73}},"20":{"start":{"line":74,"column":8},"end":{"line":74,"column":73}},"21":{"start":{"line":75,"column":8},"end":{"line":75,"column":48}},"22":{"start":{"line":85,"column":8},"end":{"line":85,"column":3578}},"23":{"start":{"line":93,"column":8},"end":{"line":93,"column":69}},"24":{"start":{"line":94,"column":8},"end":{"line":94,"column":76}},"25":{"start":{"line":95,"column":8},"end":{"line":95,"column":46}},"26":{"start":{"line":96,"column":8},"end":{"line":96,"column":52}},"27":{"start":{"line":97,"column":8},"end":{"line":97,"column":48}},"28":{"start":{"line":99,"column":8},"end":{"line":99,"column":100}},"29":{"start":{"line":99,"column":35},"end":{"line":99,"column":99}},"30":{"start":{"line":112,"column":8},"end":{"line":112,"column":72}},"31":{"start":{"line":113,"column":8},"end":{"line":113,"column":69}},"32":{"start":{"line":114,"column":8},"end":{"line":114,"column":68}},"33":{"start":{"line":115,"column":8},"end":{"line":115,"column":71}},"34":{"start":{"line":116,"column":8},"end":{"line":116,"column":86}},"35":{"start":{"line":117,"column":8},"end":{"line":117,"column":79}},"36":{"start":{"line":118,"column":8},"end":{"line":118,"column":79}},"37":{"start":{"line":128,"column":8},"end":{"line":128,"column":5434}},"38":{"start":{"line":137,"column":8},"end":{"line":137,"column":58}},"39":{"start":{"line":138,"column":8},"end":{"line":138,"column":38}},"40":{"start":{"line":139,"column":8},"end":{"line":139,"column":52}},"41":{"start":{"line":151,"column":8},"end":{"line":151,"column":72}},"42":{"start":{"line":152,"column":8},"end":{"line":152,"column":54}},"43":{"start":{"line":153,"column":8},"end":{"line":153,"column":87}},"44":{"start":{"line":154,"column":8},"end":{"line":154,"column":108}},"45":{"start":{"line":165,"column":8},"end":{"line":165,"column":69}},"46":{"start":{"line":166,"column":8},"end":{"line":166,"column":54}},"47":{"start":{"line":167,"column":8},"end":{"line":167,"column":87}},"48":{"start":{"line":168,"column":8},"end":{"line":168,"column":114}},"49":{"start":{"line":180,"column":8},"end":{"line":180,"column":7555}},"50":{"start":{"line":189,"column":8},"end":{"line":189,"column":85}},"51":{"start":{"line":190,"column":8},"end":{"line":190,"column":38}},"52":{"start":{"line":191,"column":8},"end":{"line":191,"column":52}},"53":{"start":{"line":202,"column":8},"end":{"line":202,"column":69}},"54":{"start":{"line":203,"column":8},"end":{"line":203,"column":54}},"55":{"start":{"line":204,"column":8},"end":{"line":204,"column":87}},"56":{"start":{"line":205,"column":8},"end":{"line":205,"column":8533}},"57":{"start":{"line":213,"column":8},"end":{"line":213,"column":8899}},"58":{"start":{"line":214,"column":12},"end":{"line":214,"column":68}},"59":{"start":{"line":215,"column":12},"end":{"line":215,"column":74}},"60":{"start":{"line":216,"column":12},"end":{"line":216,"column":43}},"61":{"start":{"line":217,"column":12},"end":{"line":217,"column":110}},"62":{"start":{"line":218,"column":12},"end":{"line":218,"column":107}},"63":{"start":{"line":219,"column":12},"end":{"line":219,"column":9374}},"64":{"start":{"line":231,"column":8},"end":{"line":231,"column":72}},"65":{"start":{"line":232,"column":8},"end":{"line":232,"column":106}},"66":{"start":{"line":233,"column":8},"end":{"line":233,"column":9982}},"67":{"start":{"line":236,"column":8},"end":{"line":236,"column":31}},"68":{"start":{"line":245,"column":8},"end":{"line":245,"column":72}},"69":{"start":{"line":246,"column":8},"end":{"line":246,"column":84}},"70":{"start":{"line":247,"column":8},"end":{"line":247,"column":10594}},"71":{"start":{"line":250,"column":8},"end":{"line":250,"column":31}},"72":{"start":{"line":260,"column":8},"end":{"line":260,"column":64}},"73":{"start":{"line":261,"column":8},"end":{"line":261,"column":73}},"74":{"start":{"line":262,"column":8},"end":{"line":262,"column":106}},"75":{"start":{"line":263,"column":8},"end":{"line":263,"column":47}},"76":{"start":{"line":264,"column":8},"end":{"line":264,"column":100}},"77":{"start":{"line":265,"column":8},"end":{"line":265,"column":31}},"78":{"start":{"line":274,"column":8},"end":{"line":274,"column":78}},"79":{"start":{"line":275,"column":8},"end":{"line":275,"column":72}},"80":{"start":{"line":276,"column":8},"end":{"line":276,"column":84}},"81":{"start":{"line":277,"column":8},"end":{"line":277,"column":11986}},"82":{"start":{"line":280,"column":8},"end":{"line":280,"column":42}},"83":{"start":{"line":281,"column":8},"end":{"line":281,"column":56}},"84":{"start":{"line":282,"column":8},"end":{"line":282,"column":70}},"85":{"start":{"line":291,"column":8},"end":{"line":291,"column":78}},"86":{"start":{"line":292,"column":8},"end":{"line":292,"column":72}},"87":{"start":{"line":293,"column":8},"end":{"line":293,"column":106}},"88":{"start":{"line":294,"column":8},"end":{"line":294,"column":12842}},"89":{"start":{"line":297,"column":8},"end":{"line":297,"column":42}},"90":{"start":{"line":298,"column":8},"end":{"line":298,"column":56}},"91":{"start":{"line":299,"column":8},"end":{"line":299,"column":70}},"92":{"start":{"line":309,"column":8},"end":{"line":309,"column":64}},"93":{"start":{"line":310,"column":8},"end":{"line":310,"column":72}},"94":{"start":{"line":311,"column":8},"end":{"line":311,"column":82}},"95":{"start":{"line":312,"column":8},"end":{"line":312,"column":47}},"96":{"start":{"line":313,"column":8},"end":{"line":313,"column":100}},"97":{"start":{"line":314,"column":8},"end":{"line":314,"column":31}},"98":{"start":{"line":316,"column":8},"end":{"line":316,"column":102}},"99":{"start":{"line":316,"column":36},"end":{"line":316,"column":101}},"100":{"start":{"line":322,"column":8},"end":{"line":322,"column":14242}},"101":{"start":{"line":323,"column":12},"end":{"line":323,"column":68}},"102":{"start":{"line":324,"column":12},"end":{"line":324,"column":74}},"103":{"start":{"line":325,"column":12},"end":{"line":325,"column":98}},"104":{"start":{"line":326,"column":12},"end":{"line":326,"column":28}},"105":{"start":{"line":327,"column":12},"end":{"line":327,"column":29}},"106":{"start":{"line":329,"column":12},"end":{"line":329,"column":64}},"107":{"start":{"line":330,"column":12},"end":{"line":330,"column":115}},"108":{"start":{"line":331,"column":12},"end":{"line":331,"column":81}},"109":{"start":{"line":332,"column":12},"end":{"line":332,"column":97}},"110":{"start":{"line":334,"column":12},"end":{"line":334,"column":116}},"111":{"start":{"line":335,"column":12},"end":{"line":335,"column":107}},"112":{"start":{"line":336,"column":12},"end":{"line":336,"column":62}},"113":{"start":{"line":346,"column":8},"end":{"line":346,"column":15609}},"114":{"start":{"line":349,"column":8},"end":{"line":349,"column":72}},"115":{"start":{"line":350,"column":8},"end":{"line":350,"column":51}},"116":{"start":{"line":351,"column":8},"end":{"line":351,"column":15889}},"117":{"start":{"line":368,"column":8},"end":{"line":368,"column":64}},"118":{"start":{"line":369,"column":8},"end":{"line":369,"column":33}},"119":{"start":{"line":370,"column":8},"end":{"line":370,"column":45}},"120":{"start":{"line":371,"column":8},"end":{"line":371,"column":98}},"121":{"start":{"line":372,"column":8},"end":{"line":372,"column":72}},"122":{"start":{"line":373,"column":8},"end":{"line":373,"column":51}},"123":{"start":{"line":374,"column":8},"end":{"line":374,"column":16745}},"124":{"start":{"line":391,"column":8},"end":{"line":391,"column":78}},"125":{"start":{"line":392,"column":8},"end":{"line":392,"column":17305}},"126":{"start":{"line":395,"column":8},"end":{"line":395,"column":62}},"127":{"start":{"line":396,"column":8},"end":{"line":396,"column":62}},"128":{"start":{"line":397,"column":8},"end":{"line":397,"column":88}},"129":{"start":{"line":398,"column":8},"end":{"line":398,"column":38}},"130":{"start":{"line":399,"column":8},"end":{"line":399,"column":52}},"131":{"start":{"line":404,"column":8},"end":{"line":404,"column":66}},"132":{"start":{"line":414,"column":8},"end":{"line":414,"column":77}},"133":{"start":{"line":424,"column":8},"end":{"line":424,"column":77}},"134":{"start":{"line":434,"column":8},"end":{"line":434,"column":70}},"135":{"start":{"line":444,"column":8},"end":{"line":444,"column":70}}},"branchMap":{"1":{"line":19,"type":"if","locations":[{"start":{"line":19,"column":8},"end":{"line":19,"column":8}},{"start":{"line":19,"column":8},"end":{"line":19,"column":8}}]},"2":{"line":42,"type":"if","locations":[{"start":{"line":42,"column":8},"end":{"line":42,"column":8}},{"start":{"line":42,"column":8},"end":{"line":42,"column":8}}]},"3":{"line":46,"type":"if","locations":[{"start":{"line":46,"column":8},"end":{"line":46,"column":8}},{"start":{"line":46,"column":8},"end":{"line":46,"column":8}}]},"4":{"line":50,"type":"if","locations":[{"start":{"line":50,"column":12},"end":{"line":50,"column":12}},{"start":{"line":50,"column":12},"end":{"line":50,"column":12}}]},"5":{"line":51,"type":"if","locations":[{"start":{"line":51,"column":16},"end":{"line":51,"column":16}},{"start":{"line":51,"column":16},"end":{"line":51,"column":16}}]},"6":{"line":56,"type":"if","locations":[{"start":{"line":56,"column":16},"end":{"line":56,"column":16}},{"start":{"line":56,"column":16},"end":{"line":56,"column":16}}]},"7":{"line":99,"type":"if","locations":[{"start":{"line":99,"column":8},"end":{"line":99,"column":8}},{"start":{"line":99,"column":8},"end":{"line":99,"column":8}}]},"8":{"line":117,"type":"if","locations":[{"start":{"line":117,"column":8},"end":{"line":117,"column":8}},{"start":{"line":117,"column":8},"end":{"line":117,"column":8}}]},"9":{"line":118,"type":"if","locations":[{"start":{"line":118,"column":8},"end":{"line":118,"column":8}},{"start":{"line":118,"column":8},"end":{"line":118,"column":8}}]},"10":{"line":232,"type":"if","locations":[{"start":{"line":232,"column":8},"end":{"line":232,"column":8}},{"start":{"line":232,"column":8},"end":{"line":232,"column":8}}]},"11":{"line":246,"type":"if","locations":[{"start":{"line":246,"column":8},"end":{"line":246,"column":8}},{"start":{"line":246,"column":8},"end":{"line":246,"column":8}}]},"12":{"line":260,"type":"if","locations":[{"start":{"line":260,"column":8},"end":{"line":260,"column":8}},{"start":{"line":260,"column":8},"end":{"line":260,"column":8}}]},"13":{"line":262,"type":"if","locations":[{"start":{"line":262,"column":8},"end":{"line":262,"column":8}},{"start":{"line":262,"column":8},"end":{"line":262,"column":8}}]},"14":{"line":274,"type":"if","locations":[{"start":{"line":274,"column":8},"end":{"line":274,"column":8}},{"start":{"line":274,"column":8},"end":{"line":274,"column":8}}]},"15":{"line":276,"type":"if","locations":[{"start":{"line":276,"column":8},"end":{"line":276,"column":8}},{"start":{"line":276,"column":8},"end":{"line":276,"column":8}}]},"16":{"line":291,"type":"if","locations":[{"start":{"line":291,"column":8},"end":{"line":291,"column":8}},{"start":{"line":291,"column":8},"end":{"line":291,"column":8}}]},"17":{"line":293,"type":"if","locations":[{"start":{"line":293,"column":8},"end":{"line":293,"column":8}},{"start":{"line":293,"column":8},"end":{"line":293,"column":8}}]},"18":{"line":309,"type":"if","locations":[{"start":{"line":309,"column":8},"end":{"line":309,"column":8}},{"start":{"line":309,"column":8},"end":{"line":309,"column":8}}]},"19":{"line":311,"type":"if","locations":[{"start":{"line":311,"column":8},"end":{"line":311,"column":8}},{"start":{"line":311,"column":8},"end":{"line":311,"column":8}}]},"20":{"line":316,"type":"if","locations":[{"start":{"line":316,"column":8},"end":{"line":316,"column":8}},{"start":{"line":316,"column":8},"end":{"line":316,"column":8}}]},"21":{"line":351,"type":"if","locations":[{"start":{"line":351,"column":8},"end":{"line":351,"column":8}},{"start":{"line":351,"column":8},"end":{"line":351,"column":8}}]},"22":{"line":368,"type":"if","locations":[{"start":{"line":368,"column":8},"end":{"line":368,"column":8}},{"start":{"line":368,"column":8},"end":{"line":368,"column":8}}]},"23":{"line":374,"type":"if","locations":[{"start":{"line":374,"column":8},"end":{"line":374,"column":8}},{"start":{"line":374,"column":8},"end":{"line":374,"column":8}}]},"24":{"line":391,"type":"if","locations":[{"start":{"line":391,"column":8},"end":{"line":391,"column":8}},{"start":{"line":391,"column":8},"end":{"line":391,"column":8}}]},"25":{"line":397,"type":"if","locations":[{"start":{"line":397,"column":8},"end":{"line":397,"column":8}},{"start":{"line":397,"column":8},"end":{"line":397,"column":8}}]}}}}