TN:
SF:C:\Users\mster\OneDrive\Documents\Dapp Projects\airswap-projects\AIP-26-hardhate-uniswap\contracts\ERC20PresetMinterPauser.sol
FN:35,constructor
FN:51,mint
FN:65,pause
FN:79,unpause
FN:84,_beforeTokenTransfer
FNF:5
FNH:3
FNDA:24,constructor
FNDA:10,mint
FNDA:0,pause
FNDA:0,unpause
FNDA:98,_beforeTokenTransfer
DA:36,24
DA:38,24
DA:39,24
DA:52,10
DA:53,10
DA:66,0
DA:67,0
DA:80,0
DA:81,0
DA:89,98
LF:10
LH:6
BRDA:52,1,0,10
BRDA:52,1,1,0
BRDA:66,2,0,0
BRDA:66,2,1,0
BRDA:80,3,0,0
BRDA:80,3,1,0
BRF:6
BRH:1
end_of_record
TN:
SF:C:\Users\mster\OneDrive\Documents\Dapp Projects\airswap-projects\AIP-26-hardhate-uniswap\contracts\FeeReceiver.sol
FN:48,setSwapToToken
FN:56,setStakeAddress
FN:64,setStakeThreshold
FN:71,setStakeActive
FN:78,setTriggerFee
FN:89,constructor
FN:101,convertAndTransfer
FN:176,_transferErc20
FN:196,_approveErc20
FN:207,_balanceOfErc20
FN:222,checkStake
FN:236,addPayee
FN:245,removePayee
FNF:13
FNH:13
FNDA:2,setSwapToToken
FNDA:5,setStakeAddress
FNDA:5,setStakeThreshold
FNDA:5,setStakeActive
FNDA:3,setTriggerFee
FNDA:6,constructor
FNDA:18,convertAndTransfer
FNDA:37,_transferErc20
FNDA:12,_approveErc20
FNDA:38,_balanceOfErc20
FNDA:5,checkStake
FNDA:24,addPayee
FNDA:6,removePayee
DA:49,2
DA:50,1
DA:57,5
DA:58,4
DA:65,5
DA:72,5
DA:79,3
DA:80,2
DA:90,6
DA:91,6
DA:92,6
DA:108,18
DA:109,5
DA:113,15
DA:116,14
DA:119,14
DA:122,12
DA:125,12
DA:128,12
DA:138,12
DA:141,12
DA:144,12
DA:145,12
DA:148,12
DA:149,12
DA:150,25
DA:151,25
DA:152,25
DA:159,12
DA:181,37
DA:182,37
DA:183,37
DA:187,37
DA:197,12
DA:198,12
DA:199,12
DA:212,38
DA:213,38
DA:214,38
DA:215,38
DA:223,5
DA:224,5
DA:225,5
DA:228,5
DA:237,24
DA:246,6
LF:46
LH:46
BRDA:49,1,0,1
BRDA:49,1,1,1
BRDA:57,2,0,4
BRDA:57,2,1,1
BRDA:79,3,0,2
BRDA:79,3,1,1
BRDA:108,4,0,5
BRDA:108,4,1,13
BRDA:109,5,0,2
BRDA:109,5,1,3
BRDA:113,6,0,14
BRDA:113,6,1,1
BRDA:119,7,0,12
BRDA:119,7,1,2
BRDA:183,8,0,37
BRDA:183,8,1,0
BRDA:199,9,0,12
BRDA:199,9,1,0
BRF:18
BRH:16
end_of_record
TN:
SF:C:\Users\mster\OneDrive\Documents\Dapp Projects\airswap-projects\AIP-26-hardhate-uniswap\contracts\Staking.sol
FN:48,constructor
FN:67,setVesting
FN:79,setMetaData
FN:89,stake
FN:98,stakeFor
FN:111,extend
FN:121,extendFor
FN:159,unstake
FN:179,vested
FN:199,available
FN:215,getStakes
FN:231,totalSupply
FN:238,balanceOf
FN:250,decimals
FN:259,_unstake
FNF:15
FNH:2
FNDA:0,constructor
FNDA:0,setVesting
FNDA:0,setMetaData
FNDA:6,stake
FNDA:6,stakeFor
FNDA:0,extend
FNDA:0,extendFor
FNDA:0,unstake
FNDA:0,vested
FNDA:0,available
FNDA:0,getStakes
FNDA:0,totalSupply
FNDA:0,balanceOf
FNDA:0,decimals
FNDA:0,_unstake
DA:55,0
DA:56,0
DA:57,0
DA:58,0
DA:59,0
DA:68,0
DA:69,0
DA:81,0
DA:82,6
DA:90,6
DA:99,6
DA:100,0
DA:103,0
DA:104,0
DA:112,0
DA:126,4
DA:128,4
DA:131,4
DA:132,4
DA:134,4
DA:135,0
DA:139,0
DA:143,0
DA:150,0
DA:151,0
DA:160,0
DA:161,0
DA:162,0
DA:163,0
DA:164,0
DA:165,0
DA:168,0
DA:169,0
DA:170,0
DA:184,0
DA:185,0
DA:186,0
DA:188,0
DA:204,0
DA:205,0
DA:206,0
DA:208,0
DA:220,0
DA:221,0
DA:222,0
DA:223,0
DA:225,0
DA:232,0
DA:239,0
DA:240,0
DA:241,0
DA:242,0
DA:244,0
DA:251,0
DA:260,0
DA:261,7
DA:262,7
DA:266,6
DA:267,0
DA:268,0
DA:269,0
DA:270,0
DA:271,0
LF:63
LH:11
BRDA:99,1,0,6
BRDA:99,1,1,0
BRDA:126,2,0,4
BRDA:126,2,1,0
BRDA:131,3,0,4
BRDA:131,3,1,4
BRDA:163,4,0,0
BRDA:163,4,1,0
BRDA:168,5,0,0
BRDA:168,5,1,0
BRDA:185,6,0,0
BRDA:185,6,1,0
BRDA:205,7,0,0
BRDA:205,7,1,0
BRDA:260,8,0,0
BRDA:260,8,1,0
BRDA:262,9,0,7
BRDA:262,9,1,0
BRDA:266,10,0,7
BRDA:266,10,1,-1
BRDA:268,11,0,0
BRDA:268,11,1,0
BRF:22
BRH:6
end_of_record
TN:
SF:C:\Users\mster\OneDrive\Documents\Dapp Projects\airswap-projects\AIP-26-hardhate-uniswap\contracts\TokenPaymentSplitter.sol
FN:39,constructor
FN:54,totalShares
FN:61,shares
FN:68,payee
FN:78,_addPayee
FN:100,_removePayee
FNF:6
FNH:6
FNDA:6,constructor
FNDA:7,totalShares
FNDA:12,shares
FNDA:16,payee
FNDA:30,_addPayee
FNDA:6,_removePayee
DA:40,6
DA:44,6
DA:46,6
DA:47,6
DA:55,7
DA:62,12
DA:69,16
DA:70,15
DA:79,30
DA:83,30
DA:84,29
DA:89,28
DA:90,28
DA:91,28
DA:92,28
DA:101,6
DA:102,5
DA:104,4
DA:105,4
DA:106,4
DA:107,4
DA:108,4
LF:22
LH:22
BRDA:40,1,0,6
BRDA:40,1,1,0
BRDA:44,2,0,6
BRDA:44,2,1,0
BRDA:69,3,0,15
BRDA:69,3,1,1
BRDA:79,4,0,30
BRDA:79,4,1,0
BRDA:83,5,0,29
BRDA:83,5,1,1
BRDA:84,6,0,28
BRDA:84,6,1,1
BRDA:101,7,0,5
BRDA:101,7,1,1
BRDA:102,8,0,4
BRDA:102,8,1,1
BRF:16
BRH:13
end_of_record
TN:
SF:C:\Users\mster\OneDrive\Documents\Dapp Projects\airswap-projects\AIP-26-hardhate-uniswap\contracts\UniswapV2Router02.sol
FN:18,ensure
FN:23,constructor
FN:33,_addLiquidity
FN:70,addLiquidity
FN:84,addLiquidityETH
FN:111,removeLiquidity
FN:127,removeLiquidityETH
FN:141,removeLiquidityWithPermit
FN:156,removeLiquidityETHWithPermit
FN:179,removeLiquidityETHSupportingFeeOnTransferTokens
FN:193,removeLiquidityETHWithPermitSupportingFeeOnTransferTokens
FN:212,_swap
FN:230,swapExactTokensForTokens
FN:244,swapTokensForExactTokens
FN:257,swapExactETHForTokens
FN:271,swapTokensForExactETH
FN:288,swapExactTokensForETH
FN:306,swapETHForExactTokens
FN:321,_swapSupportingFeeOnTransferTokens
FN:345,swapExactTokensForTokensSupportingFeeOnTransferTokens
FN:366,swapExactETHForTokensSupportingFeeOnTransferTokens
FN:389,swapExactTokensForETHSupportingFeeOnTransferTokens
FN:403,quote
FN:407,getAmountOut
FN:417,getAmountIn
FN:427,getAmountsOut
FN:437,getAmountsIn
FNF:27
FNH:2
FNDA:0,ensure
FNDA:0,constructor
FNDA:0,_addLiquidity
FNDA:0,addLiquidity
FNDA:0,addLiquidityETH
FNDA:0,removeLiquidity
FNDA:0,removeLiquidityETH
FNDA:0,removeLiquidityWithPermit
FNDA:0,removeLiquidityETHWithPermit
FNDA:0,removeLiquidityETHSupportingFeeOnTransferTokens
FNDA:0,removeLiquidityETHWithPermitSupportingFeeOnTransferTokens
FNDA:0,_swap
FNDA:0,swapExactTokensForTokens
FNDA:0,swapTokensForExactTokens
FNDA:0,swapExactETHForTokens
FNDA:0,swapTokensForExactETH
FNDA:0,swapExactTokensForETH
FNDA:21,swapETHForExactTokens
FNDA:12,_swapSupportingFeeOnTransferTokens
FNDA:0,swapExactTokensForTokensSupportingFeeOnTransferTokens
FNDA:0,swapExactETHForTokensSupportingFeeOnTransferTokens
FNDA:0,swapExactTokensForETHSupportingFeeOnTransferTokens
FNDA:0,quote
FNDA:0,getAmountOut
FNDA:0,getAmountIn
FNDA:0,getAmountsOut
FNDA:0,getAmountsIn
DA:19,0
DA:20,0
DA:24,0
DA:25,0
DA:29,0
DA:42,6
DA:43,6
DA:45,6
DA:46,6
DA:47,0
DA:49,0
DA:50,0
DA:51,0
DA:52,0
DA:54,0
DA:55,0
DA:56,0
DA:57,0
DA:71,0
DA:72,0
DA:73,0
DA:74,0
DA:75,0
DA:85,0
DA:93,0
DA:94,0
DA:95,0
DA:96,0
DA:97,0
DA:99,0
DA:112,0
DA:113,0
DA:114,0
DA:115,0
DA:116,0
DA:117,0
DA:118,0
DA:128,0
DA:137,0
DA:138,0
DA:139,0
DA:151,0
DA:152,0
DA:153,0
DA:154,0
DA:165,0
DA:166,0
DA:167,0
DA:168,0
DA:180,0
DA:189,0
DA:190,0
DA:191,0
DA:202,0
DA:203,0
DA:204,0
DA:205,0
DA:213,0
DA:214,0
DA:215,0
DA:216,0
DA:217,0
DA:218,0
DA:219,0
DA:231,0
DA:232,0
DA:233,0
DA:236,0
DA:245,0
DA:246,0
DA:247,0
DA:250,0
DA:260,0
DA:261,0
DA:262,0
DA:263,0
DA:264,0
DA:265,0
DA:274,0
DA:275,0
DA:276,0
DA:277,0
DA:280,0
DA:281,0
DA:282,0
DA:291,0
DA:292,12
DA:293,12
DA:294,21
DA:297,21
DA:298,21
DA:299,21
DA:309,21
DA:310,21
DA:311,21
DA:312,21
DA:313,21
DA:314,12
DA:316,12
DA:322,12
DA:323,0
DA:324,0
DA:325,0
DA:326,0
DA:327,0
DA:328,0
DA:329,0
DA:330,0
DA:331,0
DA:332,0
DA:334,0
DA:335,0
DA:336,0
DA:346,0
DA:349,0
DA:350,0
DA:351,0
DA:368,0
DA:369,0
DA:370,0
DA:371,0
DA:372,0
DA:373,0
DA:374,0
DA:391,0
DA:392,0
DA:395,0
DA:396,0
DA:397,0
DA:398,0
DA:399,0
DA:404,0
DA:414,0
DA:424,0
DA:434,0
DA:444,0
LF:136
LH:18
BRDA:19,1,0,0
BRDA:19,1,1,0
BRDA:42,2,0,6
BRDA:42,2,1,6
BRDA:46,3,0,6
BRDA:46,3,1,0
BRDA:50,4,0,0
BRDA:50,4,1,0
BRDA:51,5,0,0
BRDA:51,5,1,0
BRDA:56,6,0,0
BRDA:56,6,1,0
BRDA:99,7,0,0
BRDA:99,7,1,0
BRDA:117,8,0,0
BRDA:117,8,1,0
BRDA:118,9,0,0
BRDA:118,9,1,0
BRDA:232,10,0,0
BRDA:232,10,1,0
BRDA:246,11,0,0
BRDA:246,11,1,0
BRDA:260,12,0,0
BRDA:260,12,1,0
BRDA:262,13,0,0
BRDA:262,13,1,0
BRDA:274,14,0,0
BRDA:274,14,1,0
BRDA:276,15,0,0
BRDA:276,15,1,0
BRDA:291,16,0,0
BRDA:291,16,1,0
BRDA:293,17,0,21
BRDA:293,17,1,0
BRDA:309,18,0,21
BRDA:309,18,1,0
BRDA:311,19,0,21
BRDA:311,19,1,0
BRDA:316,20,0,12
BRDA:316,20,1,12
BRDA:351,21,0,0
BRDA:351,21,1,0
BRDA:368,22,0,0
BRDA:368,22,1,0
BRDA:374,23,0,0
BRDA:374,23,1,0
BRDA:391,24,0,0
BRDA:391,24,1,0
BRDA:397,25,0,0
BRDA:397,25,1,0
BRF:50
BRH:8
end_of_record
